The target system is: Android - 1 - i686
The host system is: Darwin - 17.7.0 - x86_64
Determining if the C compiler works passed with the following output:
Change Dir: /Users/vincentzhang/LearningAndroid/app/.cxx/cmake/release/x86/CMakeFiles/CMakeTmp

Run Build Command:"/Users/vincentzhang/Library/Android/sdk/cmake/3.6.4111459/bin/ninja" "cmTC_a97ef"
[1/2] Building C object CMakeFiles/cmTC_a97ef.dir/testCCompiler.c.o
[2/2] Linking C executable cmTC_a97ef


Detecting C compiler ABI info compiled with the following output:
Change Dir: /Users/vincentzhang/LearningAndroid/app/.cxx/cmake/release/x86/CMakeFiles/CMakeTmp

Run Build Command:"/Users/vincentzhang/Library/Android/sdk/cmake/3.6.4111459/bin/ninja" "cmTC_33a34"
[1/2] Building C object CMakeFiles/cmTC_33a34.dir/CMakeCCompilerABI.c.o
[2/2] Linking C executable cmTC_33a34
Android (5220042 based on r346389c) clang version 8.0.7 (https://android.googlesource.com/toolchain/clang b55f2d4ebfd35bf643d27dbca1bb228957008617) (https://android.googlesource.com/toolchain/llvm 3c393fe7a7e13b0fba4ac75a01aa683d7a5b11cd) (based on LLVM 8.0.7svn)
Target: i686-none-linux-android24
Thread model: posix
InstalledDir: /Users/vincentzhang/Library/Android/sdk/ndk/20.0.5594570/toolchains/llvm/prebuilt/darwin-x86_64/bin
Found candidate GCC installation: /Users/vincentzhang/Library/Android/sdk/ndk/20.0.5594570/toolchains/llvm/prebuilt/darwin-x86_64/lib/gcc/i686-linux-android/4.9.x
Found candidate GCC installation: /Users/vincentzhang/Library/Android/sdk/ndk/20.0.5594570/toolchains/llvm/prebuilt/darwin-x86_64/lib/gcc/x86_64-linux-android/4.9.x
Selected GCC installation: /Users/vincentzhang/Library/Android/sdk/ndk/20.0.5594570/toolchains/llvm/prebuilt/darwin-x86_64/lib/gcc/i686-linux-android/4.9.x
Candidate multilib: .;@m32
Selected multilib: .;@m32
 "/Users/vincentzhang/Library/Android/sdk/ndk/20.0.5594570/toolchains/llvm/prebuilt/darwin-x86_64/lib/gcc/i686-linux-android/4.9.x/../../../../i686-linux-android/bin/ld" --sysroot=/Users/vincentzhang/Library/Android/sdk/ndk/20.0.5594570/toolchains/llvm/prebuilt/darwin-x86_64/sysroot -pie -z now -z relro --hash-style=gnu --enable-new-dtags --eh-frame-hdr -m elf_i386 -dynamic-linker /system/bin/linker -o cmTC_33a34 /Users/vincentzhang/Library/Android/sdk/ndk/20.0.5594570/toolchains/llvm/prebuilt/darwin-x86_64/sysroot/usr/lib/i686-linux-android/24/crtbegin_dynamic.o -L/Users/vincentzhang/Library/Android/sdk/ndk/20.0.5594570/toolchains/llvm/prebuilt/darwin-x86_64/lib64/clang/8.0.7/lib/linux/i386 -L/Users/vincentzhang/Library/Android/sdk/ndk/20.0.5594570/toolchains/llvm/prebuilt/darwin-x86_64/lib/gcc/i686-linux-android/4.9.x -L/Users/vincentzhang/Library/Android/sdk/ndk/20.0.5594570/toolchains/llvm/prebuilt/darwin-x86_64/sysroot/usr/lib/i686-linux-android/24 -L/Users/vincentzhang/Library/Android/sdk/ndk/20.0.5594570/toolchains/llvm/prebuilt/darwin-x86_64/sysroot/usr/lib/i686-linux-android -L/Users/vincentzhang/Library/Android/sdk/ndk/20.0.5594570/toolchains/llvm/prebuilt/darwin-x86_64/lib/gcc/i686-linux-android/4.9.x/../../../../i686-linux-android/lib -L/Users/vincentzhang/Library/Android/sdk/ndk/20.0.5594570/toolchains/llvm/prebuilt/darwin-x86_64/sysroot/usr/lib --exclude-libs libgcc.a --exclude-libs libatomic.a --build-id --warn-shared-textrel --fatal-warnings --no-undefined -z noexecstack --gc-sections CMakeFiles/cmTC_33a34.dir/CMakeCCompilerABI.c.o -lgcc -ldl -lc -lgcc -ldl /Users/vincentzhang/Library/Android/sdk/ndk/20.0.5594570/toolchains/llvm/prebuilt/darwin-x86_64/sysroot/usr/lib/i686-linux-android/24/crtend_android.o


Parsed C implicit link information from above output:
  link line regex: [^( *|.*[/\])(i686-linux-android-ld|([^/\]+-)?ld|collect2)[^/\]*( |$)]
  ignore line: [Change Dir: /Users/vincentzhang/LearningAndroid/app/.cxx/cmake/release/x86/CMakeFiles/CMakeTmp]
  ignore line: []
  ignore line: [Run Build Command:"/Users/vincentzhang/Library/Android/sdk/cmake/3.6.4111459/bin/ninja" "cmTC_33a34"]
  ignore line: [[1/2] Building C object CMakeFiles/cmTC_33a34.dir/CMakeCCompilerABI.c.o]
  ignore line: [[2/2] Linking C executable cmTC_33a34]
  ignore line: [Android (5220042 based on r346389c) clang version 8.0.7 (https://android.googlesource.com/toolchain/clang b55f2d4ebfd35bf643d27dbca1bb228957008617) (https://android.googlesource.com/toolchain/llvm 3c393fe7a7e13b0fba4ac75a01aa683d7a5b11cd) (based on LLVM 8.0.7svn)]
  ignore line: [Target: i686-none-linux-android24]
  ignore line: [Thread model: posix]
  ignore line: [InstalledDir: /Users/vincentzhang/Library/Android/sdk/ndk/20.0.5594570/toolchains/llvm/prebuilt/darwin-x86_64/bin]
  ignore line: [Found candidate GCC installation: /Users/vincentzhang/Library/Android/sdk/ndk/20.0.5594570/toolchains/llvm/prebuilt/darwin-x86_64/lib/gcc/i686-linux-android/4.9.x]
  ignore line: [Found candidate GCC installation: /Users/vincentzhang/Library/Android/sdk/ndk/20.0.5594570/toolchains/llvm/prebuilt/darwin-x86_64/lib/gcc/x86_64-linux-android/4.9.x]
  ignore line: [Selected GCC installation: /Users/vincentzhang/Library/Android/sdk/ndk/20.0.5594570/toolchains/llvm/prebuilt/darwin-x86_64/lib/gcc/i686-linux-android/4.9.x]
  ignore line: [Candidate multilib: .]
  ignore line: [@m32]
  ignore line: [Selected multilib: .]
  ignore line: [@m32]
  link line: [ "/Users/vincentzhang/Library/Android/sdk/ndk/20.0.5594570/toolchains/llvm/prebuilt/darwin-x86_64/lib/gcc/i686-linux-android/4.9.x/../../../../i686-linux-android/bin/ld" --sysroot=/Users/vincentzhang/Library/Android/sdk/ndk/20.0.5594570/toolchains/llvm/prebuilt/darwin-x86_64/sysroot -pie -z now -z relro --hash-style=gnu --enable-new-dtags --eh-frame-hdr -m elf_i386 -dynamic-linker /system/bin/linker -o cmTC_33a34 /Users/vincentzhang/Library/Android/sdk/ndk/20.0.5594570/toolchains/llvm/prebuilt/darwin-x86_64/sysroot/usr/lib/i686-linux-android/24/crtbegin_dynamic.o -L/Users/vincentzhang/Library/Android/sdk/ndk/20.0.5594570/toolchains/llvm/prebuilt/darwin-x86_64/lib64/clang/8.0.7/lib/linux/i386 -L/Users/vincentzhang/Library/Android/sdk/ndk/20.0.5594570/toolchains/llvm/prebuilt/darwin-x86_64/lib/gcc/i686-linux-android/4.9.x -L/Users/vincentzhang/Library/Android/sdk/ndk/20.0.5594570/toolchains/llvm/prebuilt/darwin-x86_64/sysroot/usr/lib/i686-linux-android/24 -L/Users/vincentzhang/Library/Android/sdk/ndk/20.0.5594570/toolchains/llvm/prebuilt/darwin-x86_64/sysroot/usr/lib/i686-linux-android -L/Users/vincentzhang/Library/Android/sdk/ndk/20.0.5594570/toolchains/llvm/prebuilt/darwin-x86_64/lib/gcc/i686-linux-android/4.9.x/../../../../i686-linux-android/lib -L/Users/vincentzhang/Library/Android/sdk/ndk/20.0.5594570/toolchains/llvm/prebuilt/darwin-x86_64/sysroot/usr/lib --exclude-libs libgcc.a --exclude-libs libatomic.a --build-id --warn-shared-textrel --fatal-warnings --no-undefined -z noexecstack --gc-sections CMakeFiles/cmTC_33a34.dir/CMakeCCompilerABI.c.o -lgcc -ldl -lc -lgcc -ldl /Users/vincentzhang/Library/Android/sdk/ndk/20.0.5594570/toolchains/llvm/prebuilt/darwin-x86_64/sysroot/usr/lib/i686-linux-android/24/crtend_android.o]
    arg [/Users/vincentzhang/Library/Android/sdk/ndk/20.0.5594570/toolchains/llvm/prebuilt/darwin-x86_64/lib/gcc/i686-linux-android/4.9.x/../../../../i686-linux-android/bin/ld] ==> ignore
    arg [--sysroot=/Users/vincentzhang/Library/Android/sdk/ndk/20.0.5594570/toolchains/llvm/prebuilt/darwin-x86_64/sysroot] ==> ignore
    arg [-pie] ==> ignore
    arg [-znow] ==> ignore
    arg [-zrelro] ==> ignore
    arg [--hash-style=gnu] ==> ignore
    arg [--enable-new-dtags] ==> ignore
    arg [--eh-frame-hdr] ==> ignore
    arg [-m] ==> ignore
    arg [elf_i386] ==> ignore
    arg [-dynamic-linker] ==> ignore
    arg [/system/bin/linker] ==> ignore
    arg [-o] ==> ignore
    arg [cmTC_33a34] ==> ignore
    arg [/Users/vincentzhang/Library/Android/sdk/ndk/20.0.5594570/toolchains/llvm/prebuilt/darwin-x86_64/sysroot/usr/lib/i686-linux-android/24/crtbegin_dynamic.o] ==> ignore
    arg [-L/Users/vincentzhang/Library/Android/sdk/ndk/20.0.5594570/toolchains/llvm/prebuilt/darwin-x86_64/lib64/clang/8.0.7/lib/linux/i386] ==> dir [/Users/vincentzhang/Library/Android/sdk/ndk/20.0.5594570/toolchains/llvm/prebuilt/darwin-x86_64/lib64/clang/8.0.7/lib/linux/i386]
    arg [-L/Users/vincentzhang/Library/Android/sdk/ndk/20.0.5594570/toolchains/llvm/prebuilt/darwin-x86_64/lib/gcc/i686-linux-android/4.9.x] ==> dir [/Users/vincentzhang/Library/Android/sdk/ndk/20.0.5594570/toolchains/llvm/prebuilt/darwin-x86_64/lib/gcc/i686-linux-android/4.9.x]
    arg [-L/Users/vincentzhang/Library/Android/sdk/ndk/20.0.5594570/toolchains/llvm/prebuilt/darwin-x86_64/sysroot/usr/lib/i686-linux-android/24] ==> dir [/Users/vincentzhang/Library/Android/sdk/ndk/20.0.5594570/toolchains/llvm/prebuilt/darwin-x86_64/sysroot/usr/lib/i686-linux-android/24]
    arg [-L/Users/vincentzhang/Library/Android/sdk/ndk/20.0.5594570/toolchains/llvm/prebuilt/darwin-x86_64/sysroot/usr/lib/i686-linux-android] ==> dir [/Users/vincentzhang/Library/Android/sdk/ndk/20.0.5594570/toolchains/llvm/prebuilt/darwin-x86_64/sysroot/usr/lib/i686-linux-android]
    arg [-L/Users/vincentzhang/Library/Android/sdk/ndk/20.0.5594570/toolchains/llvm/prebuilt/darwin-x86_64/lib/gcc/i686-linux-android/4.9.x/../../../../i686-linux-android/lib] ==> dir [/Users/vincentzhang/Library/Android/sdk/ndk/20.0.5594570/toolchains/llvm/prebuilt/darwin-x86_64/lib/gcc/i686-linux-android/4.9.x/../../../../i686-linux-android/lib]
    arg [-L/Users/vincentzhang/Library/Android/sdk/ndk/20.0.5594570/toolchains/llvm/prebuilt/darwin-x86_64/sysroot/usr/lib] ==> dir [/Users/vincentzhang/Library/Android/sdk/ndk/20.0.5594570/toolchains/llvm/prebuilt/darwin-x86_64/sysroot/usr/lib]
    arg [--exclude-libs] ==> ignore
    arg [libgcc.a] ==> ignore
    arg [--exclude-libs] ==> ignore
    arg [libatomic.a] ==> ignore
    arg [--build-id] ==> ignore
    arg [--warn-shared-textrel] ==> ignore
    arg [--fatal-warnings] ==> ignore
    arg [--no-undefined] ==> ignore
    arg [-znoexecstack] ==> ignore
    arg [--gc-sections] ==> ignore
    arg [CMakeFiles/cmTC_33a34.dir/CMakeCCompilerABI.c.o] ==> ignore
    arg [-lgcc] ==> lib [gcc]
    arg [-ldl] ==> lib [dl]
    arg [-lc] ==> lib [c]
    arg [-lgcc] ==> lib [gcc]
    arg [-ldl] ==> lib [dl]
    arg [/Users/vincentzhang/Library/Android/sdk/ndk/20.0.5594570/toolchains/llvm/prebuilt/darwin-x86_64/sysroot/usr/lib/i686-linux-android/24/crtend_android.o] ==> ignore
  remove lib [gcc]
  remove lib [gcc]
  collapse library dir [/Users/vincentzhang/Library/Android/sdk/ndk/20.0.5594570/toolchains/llvm/prebuilt/darwin-x86_64/lib64/clang/8.0.7/lib/linux/i386] ==> [/Users/vincentzhang/Library/Android/sdk/ndk/20.0.5594570/toolchains/llvm/prebuilt/darwin-x86_64/lib64/clang/8.0.7/lib/linux/i386]
  collapse library dir [/Users/vincentzhang/Library/Android/sdk/ndk/20.0.5594570/toolchains/llvm/prebuilt/darwin-x86_64/lib/gcc/i686-linux-android/4.9.x] ==> [/Users/vincentzhang/Library/Android/sdk/ndk/20.0.5594570/toolchains/llvm/prebuilt/darwin-x86_64/lib/gcc/i686-linux-android/4.9.x]
  collapse library dir [/Users/vincentzhang/Library/Android/sdk/ndk/20.0.5594570/toolchains/llvm/prebuilt/darwin-x86_64/sysroot/usr/lib/i686-linux-android/24] ==> [/Users/vincentzhang/Library/Android/sdk/ndk/20.0.5594570/toolchains/llvm/prebuilt/darwin-x86_64/sysroot/usr/lib/i686-linux-android/24]
  collapse library dir [/Users/vincentzhang/Library/Android/sdk/ndk/20.0.5594570/toolchains/llvm/prebuilt/darwin-x86_64/sysroot/usr/lib/i686-linux-android] ==> [/Users/vincentzhang/Library/Android/sdk/ndk/20.0.5594570/toolchains/llvm/prebuilt/darwin-x86_64/sysroot/usr/lib/i686-linux-android]
  collapse library dir [/Users/vincentzhang/Library/Android/sdk/ndk/20.0.5594570/toolchains/llvm/prebuilt/darwin-x86_64/lib/gcc/i686-linux-android/4.9.x/../../../../i686-linux-android/lib] ==> [/Users/vincentzhang/Library/Android/sdk/ndk/20.0.5594570/toolchains/llvm/prebuilt/darwin-x86_64/i686-linux-android/lib]
  collapse library dir [/Users/vincentzhang/Library/Android/sdk/ndk/20.0.5594570/toolchains/llvm/prebuilt/darwin-x86_64/sysroot/usr/lib] ==> [/Users/vincentzhang/Library/Android/sdk/ndk/20.0.5594570/toolchains/llvm/prebuilt/darwin-x86_64/sysroot/usr/lib]
  implicit libs: [dl;c;dl]
  implicit dirs: [/Users/vincentzhang/Library/Android/sdk/ndk/20.0.5594570/toolchains/llvm/prebuilt/darwin-x86_64/lib64/clang/8.0.7/lib/linux/i386;/Users/vincentzhang/Library/Android/sdk/ndk/20.0.5594570/toolchains/llvm/prebuilt/darwin-x86_64/lib/gcc/i686-linux-android/4.9.x;/Users/vincentzhang/Library/Android/sdk/ndk/20.0.5594570/toolchains/llvm/prebuilt/darwin-x86_64/sysroot/usr/lib/i686-linux-android/24;/Users/vincentzhang/Library/Android/sdk/ndk/20.0.5594570/toolchains/llvm/prebuilt/darwin-x86_64/sysroot/usr/lib/i686-linux-android;/Users/vincentzhang/Library/Android/sdk/ndk/20.0.5594570/toolchains/llvm/prebuilt/darwin-x86_64/i686-linux-android/lib;/Users/vincentzhang/Library/Android/sdk/ndk/20.0.5594570/toolchains/llvm/prebuilt/darwin-x86_64/sysroot/usr/lib]
  implicit fwks: []




Detecting C [-std=c11] compiler features compiled with the following output:
Change Dir: /Users/vincentzhang/LearningAndroid/app/.cxx/cmake/release/x86/CMakeFiles/CMakeTmp

Run Build Command:"/Users/vincentzhang/Library/Android/sdk/cmake/3.6.4111459/bin/ninja" "cmTC_db81f"
[1/2] Building C object CMakeFiles/cmTC_db81f.dir/feature_tests.c.o
[2/2] Linking C executable cmTC_db81f


    Feature record: C_FEATURE:1c_function_prototypes
    Feature record: C_FEATURE:1c_restrict
    Feature record: C_FEATURE:1c_static_assert
    Feature record: C_FEATURE:1c_variadic_macros


Detecting C [-std=c99] compiler features compiled with the following output:
Change Dir: /Users/vincentzhang/LearningAndroid/app/.cxx/cmake/release/x86/CMakeFiles/CMakeTmp

Run Build Command:"/Users/vincentzhang/Library/Android/sdk/cmake/3.6.4111459/bin/ninja" "cmTC_6bd4f"
[1/2] Building C object CMakeFiles/cmTC_6bd4f.dir/feature_tests.c.o
[2/2] Linking C executable cmTC_6bd4f


    Feature record: C_FEATURE:1c_function_prototypes
    Feature record: C_FEATURE:1c_restrict
    Feature record: C_FEATURE:0c_static_assert
    Feature record: C_FEATURE:1c_variadic_macros


Detecting C [-std=c90] compiler features compiled with the following output:
Change Dir: /Users/vincentzhang/LearningAndroid/app/.cxx/cmake/release/x86/CMakeFiles/CMakeTmp

Run Build Command:"/Users/vincentzhang/Library/Android/sdk/cmake/3.6.4111459/bin/ninja" "cmTC_f9f5e"
[1/2] Building C object CMakeFiles/cmTC_f9f5e.dir/feature_tests.c.o
[2/2] Linking C executable cmTC_f9f5e


    Feature record: C_FEATURE:1c_function_prototypes
    Feature record: C_FEATURE:0c_restrict
    Feature record: C_FEATURE:0c_static_assert
    Feature record: C_FEATURE:0c_variadic_macros
Determining if the CXX compiler works passed with the following output:
Change Dir: /Users/vincentzhang/LearningAndroid/app/.cxx/cmake/release/x86/CMakeFiles/CMakeTmp

Run Build Command:"/Users/vincentzhang/Library/Android/sdk/cmake/3.6.4111459/bin/ninja" "cmTC_631f9"
[1/2] Building CXX object CMakeFiles/cmTC_631f9.dir/testCXXCompiler.cxx.o
[2/2] Linking CXX executable cmTC_631f9


Detecting CXX compiler ABI info compiled with the following output:
Change Dir: /Users/vincentzhang/LearningAndroid/app/.cxx/cmake/release/x86/CMakeFiles/CMakeTmp

Run Build Command:"/Users/vincentzhang/Library/Android/sdk/cmake/3.6.4111459/bin/ninja" "cmTC_e3606"
[1/2] Building CXX object CMakeFiles/cmTC_e3606.dir/CMakeCXXCompilerABI.cpp.o
[2/2] Linking CXX executable cmTC_e3606
Android (5220042 based on r346389c) clang version 8.0.7 (https://android.googlesource.com/toolchain/clang b55f2d4ebfd35bf643d27dbca1bb228957008617) (https://android.googlesource.com/toolchain/llvm 3c393fe7a7e13b0fba4ac75a01aa683d7a5b11cd) (based on LLVM 8.0.7svn)
Target: i686-none-linux-android24
Thread model: posix
InstalledDir: /Users/vincentzhang/Library/Android/sdk/ndk/20.0.5594570/toolchains/llvm/prebuilt/darwin-x86_64/bin
Found candidate GCC installation: /Users/vincentzhang/Library/Android/sdk/ndk/20.0.5594570/toolchains/llvm/prebuilt/darwin-x86_64/lib/gcc/i686-linux-android/4.9.x
Found candidate GCC installation: /Users/vincentzhang/Library/Android/sdk/ndk/20.0.5594570/toolchains/llvm/prebuilt/darwin-x86_64/lib/gcc/x86_64-linux-android/4.9.x
Selected GCC installation: /Users/vincentzhang/Library/Android/sdk/ndk/20.0.5594570/toolchains/llvm/prebuilt/darwin-x86_64/lib/gcc/i686-linux-android/4.9.x
Candidate multilib: .;@m32
Selected multilib: .;@m32
 "/Users/vincentzhang/Library/Android/sdk/ndk/20.0.5594570/toolchains/llvm/prebuilt/darwin-x86_64/lib/gcc/i686-linux-android/4.9.x/../../../../i686-linux-android/bin/ld" --sysroot=/Users/vincentzhang/Library/Android/sdk/ndk/20.0.5594570/toolchains/llvm/prebuilt/darwin-x86_64/sysroot -pie -z now -z relro --hash-style=gnu --enable-new-dtags --eh-frame-hdr -m elf_i386 -dynamic-linker /system/bin/linker -o cmTC_e3606 /Users/vincentzhang/Library/Android/sdk/ndk/20.0.5594570/toolchains/llvm/prebuilt/darwin-x86_64/sysroot/usr/lib/i686-linux-android/24/crtbegin_dynamic.o -L/Users/vincentzhang/Library/Android/sdk/ndk/20.0.5594570/toolchains/llvm/prebuilt/darwin-x86_64/lib64/clang/8.0.7/lib/linux/i386 -L/Users/vincentzhang/Library/Android/sdk/ndk/20.0.5594570/toolchains/llvm/prebuilt/darwin-x86_64/lib/gcc/i686-linux-android/4.9.x -L/Users/vincentzhang/Library/Android/sdk/ndk/20.0.5594570/toolchains/llvm/prebuilt/darwin-x86_64/sysroot/usr/lib/i686-linux-android/24 -L/Users/vincentzhang/Library/Android/sdk/ndk/20.0.5594570/toolchains/llvm/prebuilt/darwin-x86_64/sysroot/usr/lib/i686-linux-android -L/Users/vincentzhang/Library/Android/sdk/ndk/20.0.5594570/toolchains/llvm/prebuilt/darwin-x86_64/lib/gcc/i686-linux-android/4.9.x/../../../../i686-linux-android/lib -L/Users/vincentzhang/Library/Android/sdk/ndk/20.0.5594570/toolchains/llvm/prebuilt/darwin-x86_64/sysroot/usr/lib --exclude-libs libgcc.a --exclude-libs libatomic.a --build-id --warn-shared-textrel --fatal-warnings --no-undefined -z noexecstack --gc-sections CMakeFiles/cmTC_e3606.dir/CMakeCXXCompilerABI.cpp.o -Bstatic -lc++ -Bdynamic -lm -lgcc -ldl -lc -lgcc -ldl /Users/vincentzhang/Library/Android/sdk/ndk/20.0.5594570/toolchains/llvm/prebuilt/darwin-x86_64/sysroot/usr/lib/i686-linux-android/24/crtend_android.o


Parsed CXX implicit link information from above output:
  link line regex: [^( *|.*[/\])(i686-linux-android-ld|([^/\]+-)?ld|collect2)[^/\]*( |$)]
  ignore line: [Change Dir: /Users/vincentzhang/LearningAndroid/app/.cxx/cmake/release/x86/CMakeFiles/CMakeTmp]
  ignore line: []
  ignore line: [Run Build Command:"/Users/vincentzhang/Library/Android/sdk/cmake/3.6.4111459/bin/ninja" "cmTC_e3606"]
  ignore line: [[1/2] Building CXX object CMakeFiles/cmTC_e3606.dir/CMakeCXXCompilerABI.cpp.o]
  ignore line: [[2/2] Linking CXX executable cmTC_e3606]
  ignore line: [Android (5220042 based on r346389c) clang version 8.0.7 (https://android.googlesource.com/toolchain/clang b55f2d4ebfd35bf643d27dbca1bb228957008617) (https://android.googlesource.com/toolchain/llvm 3c393fe7a7e13b0fba4ac75a01aa683d7a5b11cd) (based on LLVM 8.0.7svn)]
  ignore line: [Target: i686-none-linux-android24]
  ignore line: [Thread model: posix]
  ignore line: [InstalledDir: /Users/vincentzhang/Library/Android/sdk/ndk/20.0.5594570/toolchains/llvm/prebuilt/darwin-x86_64/bin]
  ignore line: [Found candidate GCC installation: /Users/vincentzhang/Library/Android/sdk/ndk/20.0.5594570/toolchains/llvm/prebuilt/darwin-x86_64/lib/gcc/i686-linux-android/4.9.x]
  ignore line: [Found candidate GCC installation: /Users/vincentzhang/Library/Android/sdk/ndk/20.0.5594570/toolchains/llvm/prebuilt/darwin-x86_64/lib/gcc/x86_64-linux-android/4.9.x]
  ignore line: [Selected GCC installation: /Users/vincentzhang/Library/Android/sdk/ndk/20.0.5594570/toolchains/llvm/prebuilt/darwin-x86_64/lib/gcc/i686-linux-android/4.9.x]
  ignore line: [Candidate multilib: .]
  ignore line: [@m32]
  ignore line: [Selected multilib: .]
  ignore line: [@m32]
  link line: [ "/Users/vincentzhang/Library/Android/sdk/ndk/20.0.5594570/toolchains/llvm/prebuilt/darwin-x86_64/lib/gcc/i686-linux-android/4.9.x/../../../../i686-linux-android/bin/ld" --sysroot=/Users/vincentzhang/Library/Android/sdk/ndk/20.0.5594570/toolchains/llvm/prebuilt/darwin-x86_64/sysroot -pie -z now -z relro --hash-style=gnu --enable-new-dtags --eh-frame-hdr -m elf_i386 -dynamic-linker /system/bin/linker -o cmTC_e3606 /Users/vincentzhang/Library/Android/sdk/ndk/20.0.5594570/toolchains/llvm/prebuilt/darwin-x86_64/sysroot/usr/lib/i686-linux-android/24/crtbegin_dynamic.o -L/Users/vincentzhang/Library/Android/sdk/ndk/20.0.5594570/toolchains/llvm/prebuilt/darwin-x86_64/lib64/clang/8.0.7/lib/linux/i386 -L/Users/vincentzhang/Library/Android/sdk/ndk/20.0.5594570/toolchains/llvm/prebuilt/darwin-x86_64/lib/gcc/i686-linux-android/4.9.x -L/Users/vincentzhang/Library/Android/sdk/ndk/20.0.5594570/toolchains/llvm/prebuilt/darwin-x86_64/sysroot/usr/lib/i686-linux-android/24 -L/Users/vincentzhang/Library/Android/sdk/ndk/20.0.5594570/toolchains/llvm/prebuilt/darwin-x86_64/sysroot/usr/lib/i686-linux-android -L/Users/vincentzhang/Library/Android/sdk/ndk/20.0.5594570/toolchains/llvm/prebuilt/darwin-x86_64/lib/gcc/i686-linux-android/4.9.x/../../../../i686-linux-android/lib -L/Users/vincentzhang/Library/Android/sdk/ndk/20.0.5594570/toolchains/llvm/prebuilt/darwin-x86_64/sysroot/usr/lib --exclude-libs libgcc.a --exclude-libs libatomic.a --build-id --warn-shared-textrel --fatal-warnings --no-undefined -z noexecstack --gc-sections CMakeFiles/cmTC_e3606.dir/CMakeCXXCompilerABI.cpp.o -Bstatic -lc++ -Bdynamic -lm -lgcc -ldl -lc -lgcc -ldl /Users/vincentzhang/Library/Android/sdk/ndk/20.0.5594570/toolchains/llvm/prebuilt/darwin-x86_64/sysroot/usr/lib/i686-linux-android/24/crtend_android.o]
    arg [/Users/vincentzhang/Library/Android/sdk/ndk/20.0.5594570/toolchains/llvm/prebuilt/darwin-x86_64/lib/gcc/i686-linux-android/4.9.x/../../../../i686-linux-android/bin/ld] ==> ignore
    arg [--sysroot=/Users/vincentzhang/Library/Android/sdk/ndk/20.0.5594570/toolchains/llvm/prebuilt/darwin-x86_64/sysroot] ==> ignore
    arg [-pie] ==> ignore
    arg [-znow] ==> ignore
    arg [-zrelro] ==> ignore
    arg [--hash-style=gnu] ==> ignore
    arg [--enable-new-dtags] ==> ignore
    arg [--eh-frame-hdr] ==> ignore
    arg [-m] ==> ignore
    arg [elf_i386] ==> ignore
    arg [-dynamic-linker] ==> ignore
    arg [/system/bin/linker] ==> ignore
    arg [-o] ==> ignore
    arg [cmTC_e3606] ==> ignore
    arg [/Users/vincentzhang/Library/Android/sdk/ndk/20.0.5594570/toolchains/llvm/prebuilt/darwin-x86_64/sysroot/usr/lib/i686-linux-android/24/crtbegin_dynamic.o] ==> ignore
    arg [-L/Users/vincentzhang/Library/Android/sdk/ndk/20.0.5594570/toolchains/llvm/prebuilt/darwin-x86_64/lib64/clang/8.0.7/lib/linux/i386] ==> dir [/Users/vincentzhang/Library/Android/sdk/ndk/20.0.5594570/toolchains/llvm/prebuilt/darwin-x86_64/lib64/clang/8.0.7/lib/linux/i386]
    arg [-L/Users/vincentzhang/Library/Android/sdk/ndk/20.0.5594570/toolchains/llvm/prebuilt/darwin-x86_64/lib/gcc/i686-linux-android/4.9.x] ==> dir [/Users/vincentzhang/Library/Android/sdk/ndk/20.0.5594570/toolchains/llvm/prebuilt/darwin-x86_64/lib/gcc/i686-linux-android/4.9.x]
    arg [-L/Users/vincentzhang/Library/Android/sdk/ndk/20.0.5594570/toolchains/llvm/prebuilt/darwin-x86_64/sysroot/usr/lib/i686-linux-android/24] ==> dir [/Users/vincentzhang/Library/Android/sdk/ndk/20.0.5594570/toolchains/llvm/prebuilt/darwin-x86_64/sysroot/usr/lib/i686-linux-android/24]
    arg [-L/Users/vincentzhang/Library/Android/sdk/ndk/20.0.5594570/toolchains/llvm/prebuilt/darwin-x86_64/sysroot/usr/lib/i686-linux-android] ==> dir [/Users/vincentzhang/Library/Android/sdk/ndk/20.0.5594570/toolchains/llvm/prebuilt/darwin-x86_64/sysroot/usr/lib/i686-linux-android]
    arg [-L/Users/vincentzhang/Library/Android/sdk/ndk/20.0.5594570/toolchains/llvm/prebuilt/darwin-x86_64/lib/gcc/i686-linux-android/4.9.x/../../../../i686-linux-android/lib] ==> dir [/Users/vincentzhang/Library/Android/sdk/ndk/20.0.5594570/toolchains/llvm/prebuilt/darwin-x86_64/lib/gcc/i686-linux-android/4.9.x/../../../../i686-linux-android/lib]
    arg [-L/Users/vincentzhang/Library/Android/sdk/ndk/20.0.5594570/toolchains/llvm/prebuilt/darwin-x86_64/sysroot/usr/lib] ==> dir [/Users/vincentzhang/Library/Android/sdk/ndk/20.0.5594570/toolchains/llvm/prebuilt/darwin-x86_64/sysroot/usr/lib]
    arg [--exclude-libs] ==> ignore
    arg [libgcc.a] ==> ignore
    arg [--exclude-libs] ==> ignore
    arg [libatomic.a] ==> ignore
    arg [--build-id] ==> ignore
    arg [--warn-shared-textrel] ==> ignore
    arg [--fatal-warnings] ==> ignore
    arg [--no-undefined] ==> ignore
    arg [-znoexecstack] ==> ignore
    arg [--gc-sections] ==> ignore
    arg [CMakeFiles/cmTC_e3606.dir/CMakeCXXCompilerABI.cpp.o] ==> ignore
    arg [-Bstatic] ==> ignore
    arg [-lc++] ==> lib [c++]
    arg [-Bdynamic] ==> ignore
    arg [-lm] ==> lib [m]
    arg [-lgcc] ==> lib [gcc]
    arg [-ldl] ==> lib [dl]
    arg [-lc] ==> lib [c]
    arg [-lgcc] ==> lib [gcc]
    arg [-ldl] ==> lib [dl]
    arg [/Users/vincentzhang/Library/Android/sdk/ndk/20.0.5594570/toolchains/llvm/prebuilt/darwin-x86_64/sysroot/usr/lib/i686-linux-android/24/crtend_android.o] ==> ignore
  remove lib [gcc]
  remove lib [gcc]
  collapse library dir [/Users/vincentzhang/Library/Android/sdk/ndk/20.0.5594570/toolchains/llvm/prebuilt/darwin-x86_64/lib64/clang/8.0.7/lib/linux/i386] ==> [/Users/vincentzhang/Library/Android/sdk/ndk/20.0.5594570/toolchains/llvm/prebuilt/darwin-x86_64/lib64/clang/8.0.7/lib/linux/i386]
  collapse library dir [/Users/vincentzhang/Library/Android/sdk/ndk/20.0.5594570/toolchains/llvm/prebuilt/darwin-x86_64/lib/gcc/i686-linux-android/4.9.x] ==> [/Users/vincentzhang/Library/Android/sdk/ndk/20.0.5594570/toolchains/llvm/prebuilt/darwin-x86_64/lib/gcc/i686-linux-android/4.9.x]
  collapse library dir [/Users/vincentzhang/Library/Android/sdk/ndk/20.0.5594570/toolchains/llvm/prebuilt/darwin-x86_64/sysroot/usr/lib/i686-linux-android/24] ==> [/Users/vincentzhang/Library/Android/sdk/ndk/20.0.5594570/toolchains/llvm/prebuilt/darwin-x86_64/sysroot/usr/lib/i686-linux-android/24]
  collapse library dir [/Users/vincentzhang/Library/Android/sdk/ndk/20.0.5594570/toolchains/llvm/prebuilt/darwin-x86_64/sysroot/usr/lib/i686-linux-android] ==> [/Users/vincentzhang/Library/Android/sdk/ndk/20.0.5594570/toolchains/llvm/prebuilt/darwin-x86_64/sysroot/usr/lib/i686-linux-android]
  collapse library dir [/Users/vincentzhang/Library/Android/sdk/ndk/20.0.5594570/toolchains/llvm/prebuilt/darwin-x86_64/lib/gcc/i686-linux-android/4.9.x/../../../../i686-linux-android/lib] ==> [/Users/vincentzhang/Library/Android/sdk/ndk/20.0.5594570/toolchains/llvm/prebuilt/darwin-x86_64/i686-linux-android/lib]
  collapse library dir [/Users/vincentzhang/Library/Android/sdk/ndk/20.0.5594570/toolchains/llvm/prebuilt/darwin-x86_64/sysroot/usr/lib] ==> [/Users/vincentzhang/Library/Android/sdk/ndk/20.0.5594570/toolchains/llvm/prebuilt/darwin-x86_64/sysroot/usr/lib]
  implicit libs: [c++;m;dl;c;dl]
  implicit dirs: [/Users/vincentzhang/Library/Android/sdk/ndk/20.0.5594570/toolchains/llvm/prebuilt/darwin-x86_64/lib64/clang/8.0.7/lib/linux/i386;/Users/vincentzhang/Library/Android/sdk/ndk/20.0.5594570/toolchains/llvm/prebuilt/darwin-x86_64/lib/gcc/i686-linux-android/4.9.x;/Users/vincentzhang/Library/Android/sdk/ndk/20.0.5594570/toolchains/llvm/prebuilt/darwin-x86_64/sysroot/usr/lib/i686-linux-android/24;/Users/vincentzhang/Library/Android/sdk/ndk/20.0.5594570/toolchains/llvm/prebuilt/darwin-x86_64/sysroot/usr/lib/i686-linux-android;/Users/vincentzhang/Library/Android/sdk/ndk/20.0.5594570/toolchains/llvm/prebuilt/darwin-x86_64/i686-linux-android/lib;/Users/vincentzhang/Library/Android/sdk/ndk/20.0.5594570/toolchains/llvm/prebuilt/darwin-x86_64/sysroot/usr/lib]
  implicit fwks: []




Detecting CXX [-std=c++14] compiler features compiled with the following output:
Change Dir: /Users/vincentzhang/LearningAndroid/app/.cxx/cmake/release/x86/CMakeFiles/CMakeTmp

Run Build Command:"/Users/vincentzhang/Library/Android/sdk/cmake/3.6.4111459/bin/ninja" "cmTC_393d4"
[1/2] Building CXX object CMakeFiles/cmTC_393d4.dir/feature_tests.cxx.o
[2/2] Linking CXX executable cmTC_393d4


    Feature record: CXX_FEATURE:1cxx_aggregate_default_initializers
    Feature record: CXX_FEATURE:1cxx_alias_templates
    Feature record: CXX_FEATURE:1cxx_alignas
    Feature record: CXX_FEATURE:1cxx_alignof
    Feature record: CXX_FEATURE:1cxx_attributes
    Feature record: CXX_FEATURE:1cxx_attribute_deprecated
    Feature record: CXX_FEATURE:1cxx_auto_type
    Feature record: CXX_FEATURE:1cxx_binary_literals
    Feature record: CXX_FEATURE:1cxx_constexpr
    Feature record: CXX_FEATURE:1cxx_contextual_conversions
    Feature record: CXX_FEATURE:1cxx_decltype
    Feature record: CXX_FEATURE:1cxx_decltype_auto
    Feature record: CXX_FEATURE:1cxx_decltype_incomplete_return_types
    Feature record: CXX_FEATURE:1cxx_default_function_template_args
    Feature record: CXX_FEATURE:1cxx_defaulted_functions
    Feature record: CXX_FEATURE:1cxx_defaulted_move_initializers
    Feature record: CXX_FEATURE:1cxx_delegating_constructors
    Feature record: CXX_FEATURE:1cxx_deleted_functions
    Feature record: CXX_FEATURE:1cxx_digit_separators
    Feature record: CXX_FEATURE:1cxx_enum_forward_declarations
    Feature record: CXX_FEATURE:1cxx_explicit_conversions
    Feature record: CXX_FEATURE:1cxx_extended_friend_declarations
    Feature record: CXX_FEATURE:1cxx_extern_templates
    Feature record: CXX_FEATURE:1cxx_final
    Feature record: CXX_FEATURE:1cxx_func_identifier
    Feature record: CXX_FEATURE:1cxx_generalized_initializers
    Feature record: CXX_FEATURE:1cxx_generic_lambdas
    Feature record: CXX_FEATURE:1cxx_inheriting_constructors
    Feature record: CXX_FEATURE:1cxx_inline_namespaces
    Feature record: CXX_FEATURE:1cxx_lambdas
    Feature record: CXX_FEATURE:1cxx_lambda_init_captures
    Feature record: CXX_FEATURE:1cxx_local_type_template_args
    Feature record: CXX_FEATURE:1cxx_long_long_type
    Feature record: CXX_FEATURE:1cxx_noexcept
    Feature record: CXX_FEATURE:1cxx_nonstatic_member_init
    Feature record: CXX_FEATURE:1cxx_nullptr
    Feature record: CXX_FEATURE:1cxx_override
    Feature record: CXX_FEATURE:1cxx_range_for
    Feature record: CXX_FEATURE:1cxx_raw_string_literals
    Feature record: CXX_FEATURE:1cxx_reference_qualified_functions
    Feature record: CXX_FEATURE:1cxx_relaxed_constexpr
    Feature record: CXX_FEATURE:1cxx_return_type_deduction
    Feature record: CXX_FEATURE:1cxx_right_angle_brackets
    Feature record: CXX_FEATURE:1cxx_rvalue_references
    Feature record: CXX_FEATURE:1cxx_sizeof_member
    Feature record: CXX_FEATURE:1cxx_static_assert
    Feature record: CXX_FEATURE:1cxx_strong_enums
    Feature record: CXX_FEATURE:1cxx_template_template_parameters
    Feature record: CXX_FEATURE:1cxx_thread_local
    Feature record: CXX_FEATURE:1cxx_trailing_return_types
    Feature record: CXX_FEATURE:1cxx_unicode_literals
    Feature record: CXX_FEATURE:1cxx_uniform_initialization
    Feature record: CXX_FEATURE:1cxx_unrestricted_unions
    Feature record: CXX_FEATURE:1cxx_user_literals
    Feature record: CXX_FEATURE:1cxx_variable_templates
    Feature record: CXX_FEATURE:1cxx_variadic_macros
    Feature record: CXX_FEATURE:1cxx_variadic_templates


Detecting CXX [-std=c++11] compiler features compiled with the following output:
Change Dir: /Users/vincentzhang/LearningAndroid/app/.cxx/cmake/release/x86/CMakeFiles/CMakeTmp

Run Build Command:"/Users/vincentzhang/Library/Android/sdk/cmake/3.6.4111459/bin/ninja" "cmTC_b935a"
[1/2] Building CXX object CMakeFiles/cmTC_b935a.dir/feature_tests.cxx.o
[2/2] Linking CXX executable cmTC_b935a


    Feature record: CXX_FEATURE:0cxx_aggregate_default_initializers
    Feature record: CXX_FEATURE:1cxx_alias_templates
    Feature record: CXX_FEATURE:1cxx_alignas
    Feature record: CXX_FEATURE:1cxx_alignof
    Feature record: CXX_FEATURE:1cxx_attributes
    Feature record: CXX_FEATURE:0cxx_attribute_deprecated
    Feature record: CXX_FEATURE:1cxx_auto_type
    Feature record: CXX_FEATURE:0cxx_binary_literals
    Feature record: CXX_FEATURE:1cxx_constexpr
    Feature record: CXX_FEATURE:0cxx_contextual_conversions
    Feature record: CXX_FEATURE:1cxx_decltype
    Feature record: CXX_FEATURE:0cxx_decltype_auto
    Feature record: CXX_FEATURE:1cxx_decltype_incomplete_return_types
    Feature record: CXX_FEATURE:1cxx_default_function_template_args
    Feature record: CXX_FEATURE:1cxx_defaulted_functions
    Feature record: CXX_FEATURE:1cxx_defaulted_move_initializers
    Feature record: CXX_FEATURE:1cxx_delegating_constructors
    Feature record: CXX_FEATURE:1cxx_deleted_functions
    Feature record: CXX_FEATURE:0cxx_digit_separators
    Feature record: CXX_FEATURE:1cxx_enum_forward_declarations
    Feature record: CXX_FEATURE:1cxx_explicit_conversions
    Feature record: CXX_FEATURE:1cxx_extended_friend_declarations
    Feature record: CXX_FEATURE:1cxx_extern_templates
    Feature record: CXX_FEATURE:1cxx_final
    Feature record: CXX_FEATURE:1cxx_func_identifier
    Feature record: CXX_FEATURE:1cxx_generalized_initializers
    Feature record: CXX_FEATURE:0cxx_generic_lambdas
    Feature record: CXX_FEATURE:1cxx_inheriting_constructors
    Feature record: CXX_FEATURE:1cxx_inline_namespaces
    Feature record: CXX_FEATURE:1cxx_lambdas
    Feature record: CXX_FEATURE:0cxx_lambda_init_captures
    Feature record: CXX_FEATURE:1cxx_local_type_template_args
    Feature record: CXX_FEATURE:1cxx_long_long_type
    Feature record: CXX_FEATURE:1cxx_noexcept
    Feature record: CXX_FEATURE:1cxx_nonstatic_member_init
    Feature record: CXX_FEATURE:1cxx_nullptr
    Feature record: CXX_FEATURE:1cxx_override
    Feature record: CXX_FEATURE:1cxx_range_for
    Feature record: CXX_FEATURE:1cxx_raw_string_literals
    Feature record: CXX_FEATURE:1cxx_reference_qualified_functions
    Feature record: CXX_FEATURE:0cxx_relaxed_constexpr
    Feature record: CXX_FEATURE:0cxx_return_type_deduction
    Feature record: CXX_FEATURE:1cxx_right_angle_brackets
    Feature record: CXX_FEATURE:1cxx_rvalue_references
    Feature record: CXX_FEATURE:1cxx_sizeof_member
    Feature record: CXX_FEATURE:1cxx_static_assert
    Feature record: CXX_FEATURE:1cxx_strong_enums
    Feature record: CXX_FEATURE:1cxx_template_template_parameters
    Feature record: CXX_FEATURE:1cxx_thread_local
    Feature record: CXX_FEATURE:1cxx_trailing_return_types
    Feature record: CXX_FEATURE:1cxx_unicode_literals
    Feature record: CXX_FEATURE:1cxx_uniform_initialization
    Feature record: CXX_FEATURE:1cxx_unrestricted_unions
    Feature record: CXX_FEATURE:1cxx_user_literals
    Feature record: CXX_FEATURE:0cxx_variable_templates
    Feature record: CXX_FEATURE:1cxx_variadic_macros
    Feature record: CXX_FEATURE:1cxx_variadic_templates


Detecting CXX [-std=c++98] compiler features compiled with the following output:
Change Dir: /Users/vincentzhang/LearningAndroid/app/.cxx/cmake/release/x86/CMakeFiles/CMakeTmp

Run Build Command:"/Users/vincentzhang/Library/Android/sdk/cmake/3.6.4111459/bin/ninja" "cmTC_e13fc"
[1/2] Building CXX object CMakeFiles/cmTC_e13fc.dir/feature_tests.cxx.o
[2/2] Linking CXX executable cmTC_e13fc


    Feature record: CXX_FEATURE:0cxx_aggregate_default_initializers
    Feature record: CXX_FEATURE:0cxx_alias_templates
    Feature record: CXX_FEATURE:0cxx_alignas
    Feature record: CXX_FEATURE:0cxx_alignof
    Feature record: CXX_FEATURE:0cxx_attributes
    Feature record: CXX_FEATURE:0cxx_attribute_deprecated
    Feature record: CXX_FEATURE:0cxx_auto_type
    Feature record: CXX_FEATURE:0cxx_binary_literals
    Feature record: CXX_FEATURE:0cxx_constexpr
    Feature record: CXX_FEATURE:0cxx_contextual_conversions
    Feature record: CXX_FEATURE:0cxx_decltype
    Feature record: CXX_FEATURE:0cxx_decltype_auto
    Feature record: CXX_FEATURE:0cxx_decltype_incomplete_return_types
    Feature record: CXX_FEATURE:0cxx_default_function_template_args
    Feature record: CXX_FEATURE:0cxx_defaulted_functions
    Feature record: CXX_FEATURE:0cxx_defaulted_move_initializers
    Feature record: CXX_FEATURE:0cxx_delegating_constructors
    Feature record: CXX_FEATURE:0cxx_deleted_functions
    Feature record: CXX_FEATURE:0cxx_digit_separators
    Feature record: CXX_FEATURE:0cxx_enum_forward_declarations
    Feature record: CXX_FEATURE:0cxx_explicit_conversions
    Feature record: CXX_FEATURE:0cxx_extended_friend_declarations
    Feature record: CXX_FEATURE:0cxx_extern_templates
    Feature record: CXX_FEATURE:0cxx_final
    Feature record: CXX_FEATURE:0cxx_func_identifier
    Feature record: CXX_FEATURE:0cxx_generalized_initializers
    Feature record: CXX_FEATURE:0cxx_generic_lambdas
    Feature record: CXX_FEATURE:0cxx_inheriting_constructors
    Feature record: CXX_FEATURE:0cxx_inline_namespaces
    Feature record: CXX_FEATURE:0cxx_lambdas
    Feature record: CXX_FEATURE:0cxx_lambda_init_captures
    Feature record: CXX_FEATURE:0cxx_local_type_template_args
    Feature record: CXX_FEATURE:0cxx_long_long_type
    Feature record: CXX_FEATURE:0cxx_noexcept
    Feature record: CXX_FEATURE:0cxx_nonstatic_member_init
    Feature record: CXX_FEATURE:0cxx_nullptr
    Feature record: CXX_FEATURE:0cxx_override
    Feature record: CXX_FEATURE:0cxx_range_for
    Feature record: CXX_FEATURE:0cxx_raw_string_literals
    Feature record: CXX_FEATURE:0cxx_reference_qualified_functions
    Feature record: CXX_FEATURE:0cxx_relaxed_constexpr
    Feature record: CXX_FEATURE:0cxx_return_type_deduction
    Feature record: CXX_FEATURE:0cxx_right_angle_brackets
    Feature record: CXX_FEATURE:0cxx_rvalue_references
    Feature record: CXX_FEATURE:0cxx_sizeof_member
    Feature record: CXX_FEATURE:0cxx_static_assert
    Feature record: CXX_FEATURE:0cxx_strong_enums
    Feature record: CXX_FEATURE:1cxx_template_template_parameters
    Feature record: CXX_FEATURE:0cxx_thread_local
    Feature record: CXX_FEATURE:0cxx_trailing_return_types
    Feature record: CXX_FEATURE:0cxx_unicode_literals
    Feature record: CXX_FEATURE:0cxx_uniform_initialization
    Feature record: CXX_FEATURE:0cxx_unrestricted_unions
    Feature record: CXX_FEATURE:0cxx_user_literals
    Feature record: CXX_FEATURE:0cxx_variable_templates
    Feature record: CXX_FEATURE:0cxx_variadic_macros
    Feature record: CXX_FEATURE:0cxx_variadic_templates
